<?xml version="1.0" encoding="UTF-8"?>
<testsuite name="CSW_HIS.LibraryTest" tests="1" skipped="0" failures="0" errors="0" timestamp="2019-07-18T12:40:45" hostname="rafael-VirtualBox" time="0.003">
  <properties/>
  <testcase name="testSomeLibraryMethod" classname="CSW_HIS.LibraryTest" time="0.003"/>
  <system-out><![CDATA[]]></system-out>
  <system-err><![CDATA[]]></system-err>
</testsuite>
