<?xml version="1.0" encoding="UTF-8"?>
<testsuite name="CSW_HIS.LibraryTest" tests="1" skipped="0" failures="0" errors="0" timestamp="2019-07-19T10:18:41" hostname="rafa-VirtualBox" time="0.002">
  <properties/>
  <testcase name="testSomeLibraryMethod" classname="CSW_HIS.LibraryTest" time="0.002"/>
  <system-out><![CDATA[]]></system-out>
  <system-err><![CDATA[]]></system-err>
</testsuite>
